<?xml version="1.0" encoding="UTF-8"?>
<testng-results skipped="0" failed="0" total="0" passed="0">
  <reporter-output>
  </reporter-output>
  <suite name="com.Project1.Level1.AppTest" duration-ms="0" started-at="2020-10-29T06:29:01Z" finished-at="2020-10-29T06:29:01Z">
    <groups>
    </groups>
    <test name="Command line test" duration-ms="0" started-at="2020-10-29T06:29:01Z" finished-at="2020-10-29T06:29:01Z">
    </test> <!-- Command line test -->
  </suite> <!-- com.Project1.Level1.AppTest -->
</testng-results>
